TN:
SF:script/deploy.sol
FN:35,KintoInitialDeployScript.setUp
FNDA:0,KintoInitialDeployScript.setUp
FN:37,KintoInitialDeployScript.run
FNDA:0,KintoInitialDeployScript.run
DA:38,0
DA:42,0
DA:43,0
DA:44,0
DA:45,0
BRDA:45,0,0,-
BRDA:45,0,1,-
DA:46,0
DA:47,0
DA:51,0
DA:52,0
BRDA:52,1,0,-
BRDA:52,1,1,-
DA:53,0
DA:54,0
DA:57,0
DA:58,0
DA:60,0
DA:61,0
DA:62,0
BRDA:62,2,0,-
BRDA:62,2,1,-
DA:63,0
DA:64,0
DA:65,0
DA:68,0
DA:70,0
DA:71,0
DA:73,0
DA:75,0
DA:78,0
DA:80,0
BRDA:80,3,0,-
BRDA:80,3,1,-
DA:81,0
DA:82,0
DA:85,0
DA:86,0
DA:90,0
DA:93,0
BRDA:93,4,0,-
BRDA:93,4,1,-
DA:94,0
DA:95,0
DA:98,0
DA:99,0
DA:103,0
DA:109,0
DA:110,0
BRDA:110,5,0,-
BRDA:110,5,1,-
DA:111,0
DA:112,0
DA:115,0
DA:116,0
DA:120,0
DA:121,0
DA:122,0
BRDA:122,6,0,-
BRDA:122,6,1,-
DA:123,0
DA:124,0
DA:127,0
DA:129,0
DA:130,0
DA:132,0
DA:135,0
DA:136,0
BRDA:136,7,0,-
BRDA:136,7,1,-
DA:138,0
DA:139,0
DA:141,0
BRDA:141,8,0,-
BRDA:141,8,1,-
DA:142,0
DA:144,0
DA:149,0
DA:150,0
DA:151,0
DA:153,0
BRDA:153,9,0,-
BRDA:153,9,1,-
DA:154,0
DA:155,0
DA:158,0
DA:159,0
DA:163,0
DA:166,0
BRDA:166,10,0,-
BRDA:166,10,1,-
DA:167,0
DA:168,0
DA:171,0
DA:173,0
DA:174,0
DA:176,0
DA:180,0
DA:181,0
DA:182,0
BRDA:182,11,0,-
BRDA:182,11,1,-
DA:183,0
DA:184,0
DA:187,0
DA:188,0
DA:190,0
DA:191,0
DA:192,0
BRDA:192,12,0,-
BRDA:192,12,1,-
DA:193,0
DA:194,0
DA:195,0
DA:198,0
DA:200,0
DA:201,0
DA:203,0
DA:205,0
DA:206,0
DA:209,0
DA:210,0
DA:211,0
DA:214,0
DA:215,0
DA:218,0
DA:222,0
DA:225,0
DA:228,0
DA:232,0
DA:233,0
DA:236,0
FNF:2
FNH:0
LF:106
LH:0
BRF:26
BRH:0
end_of_record
TN:
SF:script/migrations/01-deploy_credits.sol
FN:20,KintoMigration1DeployScript.setUp
FNDA:0,KintoMigration1DeployScript.setUp
FN:22,KintoMigration1DeployScript.run
FNDA:0,KintoMigration1DeployScript.run
DA:23,0
DA:27,0
DA:28,0
DA:29,0
DA:30,0
BRDA:30,0,0,-
BRDA:30,0,1,-
DA:31,0
DA:32,0
DA:34,0
DA:35,0
BRDA:35,1,0,-
BRDA:35,1,1,-
DA:36,0
DA:37,0
DA:41,0
DA:42,0
BRDA:42,2,0,-
BRDA:42,2,1,-
DA:43,0
DA:44,0
DA:47,0
DA:48,0
DA:50,0
DA:51,0
DA:52,0
BRDA:52,3,0,-
BRDA:52,3,1,-
DA:53,0
DA:54,0
DA:55,0
DA:58,0
DA:60,0
DA:61,0
DA:63,0
DA:65,0
DA:66,0
DA:69,0
DA:70,0
DA:71,0
FNF:2
FNH:0
LF:32
LH:0
BRF:8
BRH:0
end_of_record
TN:
SF:script/migrations/02-upgrade_wallet.sol
FN:28,KintoMigration2DeployScript.setUp
FNDA:0,KintoMigration2DeployScript.setUp
FN:30,KintoMigration2DeployScript.run
FNDA:0,KintoMigration2DeployScript.run
DA:31,0
DA:35,0
DA:36,0
DA:37,0
DA:38,0
BRDA:38,0,0,-
BRDA:38,0,1,-
DA:39,0
DA:40,0
DA:42,0
DA:44,0
DA:47,0
DA:48,0
DA:51,0
DA:52,0
FNF:2
FNH:0
LF:13
LH:0
BRF:2
BRH:0
end_of_record
TN:
SF:script/migrations/03-mint_nft_admin.sol
FN:18,KintoMigration3DeployScript.setUp
FNDA:0,KintoMigration3DeployScript.setUp
FN:20,KintoMigration3DeployScript.run
FNDA:0,KintoMigration3DeployScript.run
DA:21,0
DA:23,0
DA:24,0
DA:25,0
DA:26,0
DA:28,0
DA:29,0
BRDA:29,0,0,-
BRDA:29,0,1,-
DA:30,0
DA:31,0
DA:34,0
DA:35,0
DA:36,0
DA:37,0
DA:38,0
DA:39,0
DA:40,0
DA:41,0
DA:42,0
FNF:2
FNH:0
LF:18
LH:0
BRF:2
BRH:0
end_of_record
TN:
SF:script/migrations/04-deploy_admin_wallet.sol
FN:23,KintoMigration4DeployScript.setUp
FNDA:0,KintoMigration4DeployScript.setUp
FN:25,KintoMigration4DeployScript.run
FNDA:0,KintoMigration4DeployScript.run
DA:26,0
DA:28,0
DA:29,0
DA:30,0
DA:31,0
DA:33,0
DA:34,0
BRDA:34,0,0,-
BRDA:34,0,1,-
DA:35,0
DA:36,0
DA:38,0
DA:40,0
DA:41,0
DA:44,0
DA:45,0
FNF:2
FNH:0
LF:14
LH:0
BRF:2
BRH:0
end_of_record
TN:
SF:script/migrations/05-deploy_faucet.sol
FN:16,KintoMigration5DeployScript.setUp
FNDA:0,KintoMigration5DeployScript.setUp
FN:18,KintoMigration5DeployScript.run
FNDA:0,KintoMigration5DeployScript.run
DA:19,0
DA:23,0
DA:24,0
DA:25,0
DA:26,0
BRDA:26,0,0,-
BRDA:26,0,1,-
DA:27,0
DA:28,0
DA:30,0
DA:31,0
DA:33,0
DA:34,0
FNF:2
FNH:0
LF:11
LH:0
BRF:2
BRH:0
end_of_record
TN:
SF:script/migrations/06-counter_advance.sol
FN:17,KintoMigration6DeployScript.setUp
FNDA:0,KintoMigration6DeployScript.setUp
FN:19,KintoMigration6DeployScript.run
FNDA:0,KintoMigration6DeployScript.run
DA:20,0
DA:24,0
DA:25,0
DA:26,0
DA:27,0
BRDA:27,0,0,-
BRDA:27,0,1,-
DA:28,0
DA:29,0
DA:31,0
DA:32,0
DA:33,0
DA:35,0
DA:37,0
DA:38,0
FNF:2
FNH:0
LF:13
LH:0
BRF:2
BRH:0
end_of_record
TN:
SF:script/migrations/07-upgrade_wallet_factoryv2.sol
FN:16,KintoWalletFactoryV2.newFunction
FNDA:1,KintoWalletFactoryV2.newFunction
DA:17,1
FN:27,KintoMigration7DeployScript.setUp
FNDA:0,KintoMigration7DeployScript.setUp
FN:29,KintoMigration7DeployScript.run
FNDA:0,KintoMigration7DeployScript.run
DA:30,0
DA:32,0
DA:33,0
DA:34,0
DA:35,0
DA:36,0
BRDA:36,0,0,-
BRDA:36,0,1,-
DA:37,0
DA:38,0
DA:40,0
DA:42,0
DA:43,0
BRDA:43,1,0,-
BRDA:43,1,1,-
DA:44,0
DA:45,0
DA:47,0
DA:53,0
DA:54,0
DA:56,0
DA:58,0
DA:59,0
DA:61,0
DA:62,0
FNF:3
FNH:1
LF:22
LH:1
BRF:4
BRH:0
end_of_record
TN:
SF:script/migrations/08-deploy_kinto_app.sol
FN:19,KintoMigration8DeployScript.setUp
FNDA:0,KintoMigration8DeployScript.setUp
FN:21,KintoMigration8DeployScript.run
FNDA:0,KintoMigration8DeployScript.run
DA:22,0
DA:24,0
DA:25,0
DA:26,0
DA:27,0
DA:28,0
DA:30,0
DA:31,0
BRDA:31,0,0,-
BRDA:31,0,1,-
DA:32,0
DA:33,0
DA:35,0
DA:36,0
DA:38,0
DA:39,0
DA:40,0
DA:42,0
DA:45,0
DA:46,0
FNF:2
FNH:0
LF:18
LH:0
BRF:2
BRH:0
end_of_record
TN:
SF:script/migrations/09-deploy_registry_proxy.sol
FN:21,KintoMigration9DeployScript.setUp
FNDA:0,KintoMigration9DeployScript.setUp
FN:24,KintoMigration9DeployScript.run
FNDA:0,KintoMigration9DeployScript.run
DA:25,0
DA:27,0
DA:28,0
DA:29,0
DA:30,0
DA:31,0
DA:33,0
DA:34,0
BRDA:34,0,0,-
BRDA:34,0,1,-
DA:35,0
DA:36,0
DA:38,0
DA:39,0
DA:40,0
DA:42,0
BRDA:42,1,0,-
BRDA:42,1,1,-
DA:43,0
DA:44,0
DA:46,0
DA:47,0
DA:48,0
DA:50,0
DA:51,0
DA:54,0
DA:55,0
FNF:2
FNH:0
LF:23
LH:0
BRF:4
BRH:0
end_of_record
TN:
SF:script/migrations/10-upgrade_wallet_v3.sol
FN:22,KintoMigration10DeployScript.setUp
FNDA:0,KintoMigration10DeployScript.setUp
FN:24,KintoMigration10DeployScript.run
FNDA:0,KintoMigration10DeployScript.run
DA:25,0
DA:27,0
DA:28,0
DA:29,0
DA:30,0
DA:31,0
BRDA:31,0,0,-
BRDA:31,0,1,-
DA:32,0
DA:33,0
DA:35,0
DA:36,0
BRDA:36,1,0,-
BRDA:36,1,1,-
DA:37,0
DA:38,0
DA:40,0
DA:42,0
DA:52,0
DA:53,0
DA:54,0
DA:56,0
DA:57,0
DA:59,0
DA:60,0
DA:61,0
DA:63,0
DA:64,0
FNF:2
FNH:0
LF:24
LH:0
BRF:4
BRH:0
end_of_record
TN:
SF:script/migrations/11-upgrade_paymasterv2.sol
FN:22,KintoMigration11DeployScript.setUp
FNDA:0,KintoMigration11DeployScript.setUp
FN:24,KintoMigration11DeployScript.run
FNDA:0,KintoMigration11DeployScript.run
DA:25,0
DA:27,0
DA:28,0
DA:29,0
DA:30,0
BRDA:30,0,0,-
BRDA:30,0,1,-
DA:31,0
DA:32,0
DA:34,0
DA:36,0
DA:37,0
DA:43,0
DA:45,0
DA:46,0
DA:47,0
DA:49,0
DA:50,0
DA:52,0
DA:53,0
FNF:2
FNH:0
LF:18
LH:0
BRF:2
BRH:0
end_of_record
TN:
SF:script/migrations/12-create_engen_app.sol
FN:24,KintoMigration12DeployScript.setUp
FNDA:0,KintoMigration12DeployScript.setUp
FN:27,KintoMigration12DeployScript.run
FNDA:0,KintoMigration12DeployScript.run
DA:28,0
DA:31,0
DA:32,0
DA:33,0
DA:36,0
DA:37,0
BRDA:37,0,0,-
BRDA:37,0,1,-
DA:38,0
DA:39,0
DA:43,0
DA:44,0
DA:45,0
DA:46,0
DA:47,0
DA:50,0
DA:51,0
DA:52,0
DA:55,0
DA:56,0
DA:57,0
DA:59,0
DA:60,0
DA:61,0
DA:63,0
DA:64,0
DA:65,0
DA:67,0
DA:70,0
DA:71,0
DA:72,0
DA:74,0
DA:75,0
DA:76,0
DA:78,0
DA:90,0
DA:102,0
DA:120,0
DA:121,0
DA:126,0
DA:129,0
DA:130,0
DA:133,0
DA:134,0
DA:136,0
FNF:2
FNH:0
LF:43
LH:0
BRF:2
BRH:0
end_of_record
TN:
SF:script/migrations/13-upgrade_id_paymasterv3.sol
FN:28,KintoMigration13DeployScript.setUp
FNDA:0,KintoMigration13DeployScript.setUp
FN:31,KintoMigration13DeployScript.run
FNDA:0,KintoMigration13DeployScript.run
DA:32,0
DA:34,0
DA:35,0
DA:38,0
DA:41,0
DA:44,0
DA:45,0
BRDA:45,0,0,-
BRDA:45,0,1,-
DA:46,0
DA:47,0
DA:49,0
DA:50,0
DA:51,0
DA:52,0
DA:53,0
DA:56,0
DA:57,0
BRDA:57,1,0,-
BRDA:57,1,1,-
DA:58,0
DA:59,0
DA:61,0
DA:62,0
DA:63,0
DA:65,0
DA:66,0
DA:68,0
DA:71,0
BRDA:71,2,0,-
BRDA:71,2,1,-
DA:75,0
DA:78,0
DA:86,0
DA:88,0
DA:89,0
DA:90,0
FNF:2
FNH:0
LF:31
LH:0
BRF:6
BRH:0
end_of_record
TN:
SF:script/migrations/14-factory_v3.sol
FN:27,KintoMigration14DeployScript.setUp
FNDA:0,KintoMigration14DeployScript.setUp
FN:30,KintoMigration14DeployScript.run
FNDA:0,KintoMigration14DeployScript.run
DA:31,0
DA:33,0
DA:34,0
DA:35,0
DA:36,0
DA:37,0
BRDA:37,0,0,-
BRDA:37,0,1,-
DA:38,0
DA:39,0
DA:41,0
DA:42,0
BRDA:42,1,0,-
BRDA:42,1,1,-
DA:43,0
DA:44,0
DA:47,0
DA:48,0
BRDA:48,2,0,-
BRDA:48,2,1,-
DA:49,0
DA:50,0
DA:53,0
DA:55,0
DA:56,0
BRDA:56,3,0,-
BRDA:56,3,1,-
DA:57,0
DA:58,0
DA:61,0
DA:67,0
DA:73,0
DA:74,0
DA:75,0
DA:78,0
DA:80,0
DA:82,0
DA:84,0
DA:85,0
DA:87,0
DA:88,0
DA:89,0
FNF:2
FNH:0
LF:34
LH:0
BRF:8
BRH:0
end_of_record
TN:
SF:script/migrations/15-faucet_v2.sol
FN:24,KintoMigration15DeployScript.setUp
FNDA:0,KintoMigration15DeployScript.setUp
FN:26,KintoMigration15DeployScript.run
FNDA:0,KintoMigration15DeployScript.run
DA:27,0
DA:29,0
DA:30,0
DA:32,0
DA:35,0
DA:36,0
BRDA:36,0,0,-
BRDA:36,0,1,-
DA:39,0
DA:40,0
BRDA:40,1,0,-
BRDA:40,1,1,-
DA:43,0
DA:44,0
DA:47,0
DA:48,0
DA:51,0
DA:52,0
DA:55,0
DA:58,0
DA:60,0
DA:63,0
BRDA:63,2,0,-
BRDA:63,2,1,-
DA:64,0
BRDA:64,3,0,-
BRDA:64,3,1,-
DA:67,0
DA:68,0
FN:71,KintoMigration15DeployScript._execute
FNDA:0,KintoMigration15DeployScript._execute
DA:73,0
DA:74,0
DA:75,0
DA:78,0
DA:79,0
DA:80,0
DA:81,0
DA:85,0
DA:86,0
DA:88,0
DA:89,0
DA:91,0
DA:104,0
DA:116,0
DA:128,0
FNF:3
FNH:0
LF:36
LH:0
BRF:8
BRH:0
end_of_record
TN:
SF:script/migrations/16-factory_v4.sol
FN:25,KintoMigration16DeployScript.setUp
FNDA:0,KintoMigration16DeployScript.setUp
FN:28,KintoMigration16DeployScript.run
FNDA:0,KintoMigration16DeployScript.run
DA:29,0
DA:31,0
DA:32,0
DA:33,0
DA:34,0
DA:35,0
BRDA:35,0,0,-
BRDA:35,0,1,-
DA:36,0
DA:37,0
DA:39,0
DA:40,0
BRDA:40,1,0,-
BRDA:40,1,1,-
DA:41,0
DA:42,0
DA:45,0
DA:47,0
DA:48,0
BRDA:48,2,0,-
BRDA:48,2,1,-
DA:49,0
DA:50,0
DA:53,0
DA:59,0
DA:63,0
DA:65,0
DA:67,0
DA:68,0
DA:70,0
DA:71,0
FNF:2
FNH:0
LF:25
LH:0
BRF:6
BRH:0
end_of_record
TN:
SF:script/migrations/17-faucet_v3.sol
FN:26,KintoMigration15DeployScript.setUp
FNDA:0,KintoMigration15DeployScript.setUp
FN:28,KintoMigration15DeployScript.run
FNDA:0,KintoMigration15DeployScript.run
DA:29,0
DA:31,0
DA:32,0
DA:34,0
DA:36,0
DA:37,0
BRDA:37,0,0,-
BRDA:37,0,1,-
DA:40,0
BRDA:40,1,0,-
BRDA:40,1,1,-
DA:43,0
DA:44,0
DA:47,0
DA:48,0
DA:50,0
DA:52,0
DA:54,0
FN:57,KintoMigration15DeployScript._upgradeTo
FNDA:0,KintoMigration15DeployScript._upgradeTo
DA:58,0
DA:59,0
DA:62,0
DA:63,0
DA:64,0
DA:65,0
DA:66,0
DA:78,0
FNF:3
FNH:0
LF:22
LH:0
BRF:4
BRH:0
end_of_record
TN:
SF:script/migrations/19-fund2.sol
FN:25,KintoMigration16DeployScript.setUp
FNDA:0,KintoMigration16DeployScript.setUp
FN:28,KintoMigration16DeployScript.run
FNDA:0,KintoMigration16DeployScript.run
DA:29,0
DA:31,0
DA:32,0
DA:33,0
DA:34,0
DA:35,0
BRDA:35,0,0,-
BRDA:35,0,1,-
DA:36,0
DA:37,0
DA:39,0
DA:40,0
BRDA:40,1,0,-
BRDA:40,1,1,-
DA:41,0
DA:42,0
DA:45,0
DA:47,0
DA:48,0
BRDA:48,2,0,-
BRDA:48,2,1,-
DA:49,0
DA:50,0
DA:53,0
DA:59,0
DA:63,0
DA:65,0
DA:67,0
DA:69,0
DA:72,0
BRDA:72,3,0,-
BRDA:72,3,1,-
DA:73,0
DA:75,0
DA:76,0
FNF:2
FNH:0
LF:27
LH:0
BRF:8
BRH:0
end_of_record
TN:
SF:script/migrations/20-faucet_fund_fix.sol
FN:21,KintoMigration20DeployScript.setUp
FNDA:0,KintoMigration20DeployScript.setUp
FN:24,KintoMigration20DeployScript.run
FNDA:0,KintoMigration20DeployScript.run
DA:25,0
DA:27,0
DA:28,0
DA:29,0
DA:30,0
DA:31,0
BRDA:31,0,0,-
BRDA:31,0,1,-
DA:32,0
DA:33,0
DA:35,0
DA:36,0
BRDA:36,1,0,-
BRDA:36,1,1,-
DA:37,0
DA:38,0
DA:41,0
DA:43,0
DA:44,0
BRDA:44,2,0,-
BRDA:44,2,1,-
DA:45,0
DA:46,0
DA:49,0
DA:55,0
DA:60,0
DA:61,0
DA:62,0
BRDA:62,3,0,-
BRDA:62,3,1,-
DA:63,0
DA:65,0
DA:67,0
DA:69,0
DA:70,0
FNF:2
FNH:0
LF:27
LH:0
BRF:8
BRH:0
end_of_record
TN:
SF:script/migrations/21-multiple_upgrade.sol
FN:26,KintoMigration21DeployScript.run
FNDA:0,KintoMigration21DeployScript.run
DA:27,0
DA:29,0
DA:32,0
DA:35,0
DA:38,0
DA:39,0
DA:40,0
DA:41,0
DA:42,0
DA:45,0
DA:46,0
DA:47,0
DA:48,0
DA:49,0
DA:50,0
DA:51,0
FN:54,KintoMigration21DeployScript.upgradePaymaster
FNDA:0,KintoMigration21DeployScript.upgradePaymaster
DA:56,0
DA:57,0
BRDA:57,0,0,-
BRDA:57,0,1,-
DA:59,0
DA:60,0
DA:62,0
DA:63,0
DA:66,0
DA:68,0
FN:71,KintoMigration21DeployScript.upgradeRegistry
FNDA:0,KintoMigration21DeployScript.upgradeRegistry
DA:73,0
DA:74,0
BRDA:74,1,0,-
BRDA:74,1,1,-
DA:76,0
DA:77,0
DA:79,0
DA:80,0
DA:84,0
DA:85,0
FN:88,KintoMigration21DeployScript.upgradeWallet
FNDA:0,KintoMigration21DeployScript.upgradeWallet
DA:90,0
DA:99,0
DA:100,0
DA:103,0
DA:105,0
FN:108,KintoMigration21DeployScript.upgradeFactory
FNDA:0,KintoMigration21DeployScript.upgradeFactory
DA:110,0
DA:111,0
BRDA:111,2,0,-
BRDA:111,2,1,-
DA:113,0
DA:114,0
BRDA:114,3,0,-
BRDA:114,3,1,-
DA:116,0
DA:121,0
DA:122,0
DA:125,0
DA:127,0
FN:130,KintoMigration21DeployScript.upgradeKYCViewer
FNDA:0,KintoMigration21DeployScript.upgradeKYCViewer
DA:132,0
DA:133,0
BRDA:133,4,0,-
BRDA:133,4,1,-
DA:136,0
DA:138,0
DA:139,0
DA:142,0
DA:144,0
DA:145,0
DA:147,0
DA:148,0
FN:151,KintoMigration21DeployScript._upgradeTo
FNDA:0,KintoMigration21DeployScript._upgradeTo
DA:152,0
DA:155,0
DA:156,0
DA:157,0
DA:158,0
DA:159,0
DA:170,0
DA:171,0
FN:174,KintoMigration21DeployScript._initialize
FNDA:0,KintoMigration21DeployScript._initialize
DA:175,0
DA:178,0
DA:179,0
DA:180,0
DA:181,0
DA:184,0
DA:185,0
DA:186,0
DA:187,0
DA:188,0
DA:199,0
DA:200,0
FN:203,KintoMigration21DeployScript._transferOwnership
FNDA:0,KintoMigration21DeployScript._transferOwnership
DA:204,0
DA:207,0
DA:208,0
DA:209,0
DA:210,0
DA:211,0
DA:222,0
DA:223,0
FNF:9
FNH:0
LF:84
LH:0
BRF:10
BRH:0
end_of_record
TN:
SF:script/test.sol
FN:176,KintoDeployETHPriceIsRight.setUp
FNDA:0,KintoDeployETHPriceIsRight.setUp
DA:177,0
DA:178,0
DA:179,0
DA:180,0
FN:183,KintoDeployETHPriceIsRight.run
FNDA:0,KintoDeployETHPriceIsRight.run
DA:184,0
DA:185,0
DA:186,0
DA:187,0
DA:188,0
DA:189,0
DA:190,0
BRDA:190,0,0,-
BRDA:190,0,1,-
DA:191,0
DA:192,0
DA:194,0
DA:196,0
DA:199,0
BRDA:199,1,0,-
BRDA:199,1,1,-
DA:200,0
DA:203,0
DA:205,0
DA:207,0
DA:208,0
DA:209,0
DA:211,0
DA:213,0
BRDA:213,2,0,-
BRDA:213,2,1,-
DA:214,0
DA:215,0
DA:216,0
DA:218,0
DA:221,0
DA:222,0
DA:223,0
DA:224,0
DA:235,0
DA:236,0
DA:238,0
DA:239,0
DA:240,0
DA:241,0
FN:74,KintoMonitoringTest.setUp
FNDA:0,KintoMonitoringTest.setUp
DA:75,0
DA:76,0
DA:77,0
DA:78,0
FN:81,KintoMonitoringTest.run
FNDA:0,KintoMonitoringTest.run
DA:82,0
DA:83,0
DA:84,0
DA:85,0
DA:86,0
DA:87,0
DA:88,0
DA:89,0
FN:28,KintoDeployTestWalletScript.setUp
FNDA:0,KintoDeployTestWalletScript.setUp
DA:29,0
DA:30,0
DA:31,0
DA:32,0
FN:35,KintoDeployTestWalletScript.run
FNDA:0,KintoDeployTestWalletScript.run
DA:36,0
DA:37,0
DA:38,0
DA:40,0
DA:41,0
DA:42,0
DA:43,0
BRDA:43,0,0,-
BRDA:43,0,1,-
DA:44,0
DA:45,0
DA:46,0
DA:47,0
DA:50,0
DA:51,0
DA:52,0
DA:53,0
BRDA:53,1,0,-
BRDA:53,1,1,-
DA:54,0
DA:56,0
DA:57,0
DA:58,0
DA:60,0
FN:103,KintoDeployTestCounter.setUp
FNDA:0,KintoDeployTestCounter.setUp
DA:104,0
DA:105,0
DA:106,0
DA:107,0
FN:110,KintoDeployTestCounter.run
FNDA:0,KintoDeployTestCounter.run
DA:111,0
DA:112,0
DA:113,0
DA:114,0
DA:115,0
DA:116,0
DA:117,0
BRDA:117,0,0,-
BRDA:117,0,1,-
DA:118,0
DA:119,0
DA:121,0
DA:123,0
DA:124,0
DA:125,0
BRDA:125,1,0,-
BRDA:125,1,1,-
DA:126,0
DA:129,0
DA:131,0
DA:133,0
DA:134,0
DA:136,0
BRDA:136,2,0,-
BRDA:136,2,1,-
DA:137,0
DA:138,0
DA:140,0
DA:143,0
DA:144,0
DA:145,0
DA:146,0
DA:157,0
DA:158,0
DA:160,0
DA:161,0
DA:162,0
FNF:8
FNH:0
LF:109
LH:0
BRF:16
BRH:0
end_of_record
TN:
SF:script/upgrade.sol
FN:54,KintoWalletsUpgradeScript.setUp
FNDA:0,KintoWalletsUpgradeScript.setUp
FN:56,KintoWalletsUpgradeScript.run
FNDA:0,KintoWalletsUpgradeScript.run
DA:57,0
DA:58,0
DA:60,0
DA:62,0
DA:68,0
DA:69,0
FN:27,KintoWalletFactoryUpgradeScript.setUp
FNDA:0,KintoWalletFactoryUpgradeScript.setUp
FN:29,KintoWalletFactoryUpgradeScript.run
FNDA:0,KintoWalletFactoryUpgradeScript.run
DA:30,0
DA:31,0
DA:32,0
DA:33,0
DA:34,0
DA:35,0
DA:36,0
DA:37,0
FN:84,KintoIDUpgradeScript.setUp
FNDA:0,KintoIDUpgradeScript.setUp
FN:86,KintoIDUpgradeScript.run
FNDA:0,KintoIDUpgradeScript.run
DA:87,0
DA:88,0
DA:89,0
DA:91,0
DA:92,0
DA:93,0
DA:94,0
FNF:6
FNH:0
LF:21
LH:0
BRF:0
BRH:0
end_of_record
TN:
SF:src/Faucet.sol
FN:47,Faucet.initialize
FNDA:14,Faucet.initialize
DA:48,14
DA:49,14
DA:50,14
FN:58,Faucet._authorizeUpgrade
FNDA:2,Faucet._authorizeUpgrade
DA:60,2
BRDA:60,0,0,1
BRDA:60,0,1,1
FN:68,Faucet.claimKintoETH
FNDA:4,Faucet.claimKintoETH
DA:69,4
FN:76,Faucet.claimKintoETH
FNDA:2,Faucet.claimKintoETH
DA:77,2
BRDA:77,1,0,1
BRDA:77,1,1,1
DA:78,1
DA:79,1
FN:85,Faucet.withdrawAll
FNDA:2,Faucet.withdrawAll
DA:86,1
DA:87,1
FN:93,Faucet.startFaucet
FNDA:39,Faucet.startFaucet
DA:94,23
BRDA:94,2,0,16
BRDA:94,2,1,7
DA:95,7
FN:105,Faucet._privateClaim
FNDA:5,Faucet._privateClaim
DA:106,5
BRDA:106,3,0,1
BRDA:106,3,1,4
DA:107,4
BRDA:107,4,0,1
BRDA:107,4,1,3
DA:108,3
DA:109,3
DA:110,3
BRDA:110,5,0,-
BRDA:110,5,1,3
DA:111,0
DA:113,3
FNF:7
FNH:7
LF:19
LH:18
BRF:12
BRH:11
end_of_record
TN:
SF:src/KintoID.sol
FN:68,KintoID.initialize
FNDA:194,KintoID.initialize
DA:69,194
DA:70,194
DA:71,194
DA:72,194
DA:73,194
DA:74,194
DA:75,194
DA:76,194
DA:77,194
FN:85,KintoID._authorizeUpgrade
FNDA:3,KintoID._authorizeUpgrade
FN:93,KintoID.name
FNDA:1,KintoID.name
DA:94,1
FN:101,KintoID.symbol
FNDA:1,KintoID.symbol
DA:102,1
FN:109,KintoID._baseURI
FNDA:0,KintoID._baseURI
DA:110,0
FN:120,KintoID.mintIndividualKyc
FNDA:183,KintoID.mintIndividualKyc
DA:124,183
DA:125,183
FN:133,KintoID.mintCompanyKyc
FNDA:1,KintoID.mintCompanyKyc
DA:137,1
DA:138,1
FN:148,KintoID._mintTo
FNDA:184,KintoID._mintTo
DA:154,180
BRDA:154,0,0,1
BRDA:154,0,1,179
DA:156,179
DA:157,179
DA:158,179
DA:159,179
DA:161,179
DA:162,10
DA:165,179
DA:166,179
FN:171,KintoID.burn
FNDA:2,KintoID.burn
DA:172,2
BRDA:172,1,0,2
BRDA:172,1,1,-
FN:179,KintoID.burnKYC
FNDA:12,KintoID.burnKYC
DA:180,11
BRDA:180,2,0,2
BRDA:180,2,1,9
DA:182,9
DA:183,9
DA:184,9
BRDA:184,3,0,-
BRDA:184,3,1,9
DA:187,9
DA:188,9
DA:189,9
FN:203,KintoID.monitor
FNDA:24,KintoID.monitor
DA:208,8
BRDA:208,4,0,1
BRDA:208,4,1,7
DA:209,7
BRDA:209,5,0,1
BRDA:209,5,1,6
DA:211,6
DA:213,6
DA:214,4
DA:216,4
BRDA:216,6,0,-
BRDA:216,6,1,4
DA:217,0
DA:219,4
DA:220,4
DA:221,7
DA:222,7
BRDA:222,7,0,-
BRDA:222,7,1,4
DA:223,4
DA:224,3
BRDA:224,8,0,-
BRDA:224,8,1,1
DA:225,1
DA:226,2
BRDA:226,9,0,-
BRDA:226,9,1,1
DA:227,1
DA:229,1
DA:234,6
DA:235,6
FN:243,KintoID.addTrait
FNDA:7,KintoID.addTrait
DA:244,10
BRDA:244,10,0,1
BRDA:244,10,1,9
DA:246,9
DA:247,9
BRDA:247,11,0,8
BRDA:247,11,1,9
DA:248,8
DA:249,8
DA:250,8
DA:251,8
FN:260,KintoID.removeTrait
FNDA:3,KintoID.removeTrait
DA:261,3
BRDA:261,12,0,1
BRDA:261,12,1,2
DA:262,2
DA:264,2
BRDA:264,13,0,1
BRDA:264,13,1,2
DA:265,1
DA:266,1
DA:267,1
DA:268,1
FN:277,KintoID.addSanction
FNDA:5,KintoID.addSanction
DA:278,5
BRDA:278,14,0,1
BRDA:278,14,1,4
DA:279,4
DA:280,4
BRDA:280,15,0,4
BRDA:280,15,1,4
DA:281,4
DA:282,4
DA:283,4
DA:284,4
DA:285,4
FN:294,KintoID.removeSanction
FNDA:3,KintoID.removeSanction
DA:295,3
BRDA:295,16,0,1
BRDA:295,16,1,2
DA:296,2
DA:297,2
BRDA:297,17,0,1
BRDA:297,17,1,2
DA:298,1
DA:299,1
DA:300,1
DA:301,1
DA:302,1
FN:313,KintoID.isKYC
FNDA:585,KintoID.isKYC
DA:314,585
FN:322,KintoID.isSanctionsMonitored
FNDA:3,KintoID.isSanctionsMonitored
DA:323,585
FN:331,KintoID.isSanctionsSafe
FNDA:2,KintoID.isSanctionsSafe
DA:332,574
FN:341,KintoID.isSanctionsSafeIn
FNDA:8,KintoID.isSanctionsSafeIn
DA:342,8
FN:350,KintoID.isCompany
FNDA:2,KintoID.isCompany
DA:351,2
FN:359,KintoID.isIndividual
FNDA:3,KintoID.isIndividual
DA:360,3
FN:368,KintoID.mintedAt
FNDA:2,KintoID.mintedAt
DA:369,2
FN:378,KintoID.hasTrait
FNDA:10,KintoID.hasTrait
DA:379,10
FN:387,KintoID.traits
FNDA:1,KintoID.traits
DA:388,1
DA:389,1
DA:390,1
DA:391,256
DA:393,1
FN:420,KintoID._getEIP712Message
FNDA:192,KintoID._getEIP712Message
DA:421,192
DA:422,192
DA:423,192
FN:428,KintoID._domainSeparator
FNDA:192,KintoID._domainSeparator
DA:429,192
FN:440,KintoID._hashSignatureData
FNDA:192,KintoID._hashSignatureData
DA:441,192
FN:451,KintoID._getChainID
FNDA:192,KintoID._getChainID
DA:452,192
DA:454,192
DA:456,192
FN:467,KintoID._beforeTokenTransfer
FNDA:189,KintoID._beforeTokenTransfer
DA:472,189
BRDA:472,18,0,1
BRDA:472,18,1,188
DA:476,188
FN:486,KintoID.supportsInterface
FNDA:1,KintoID.supportsInterface
DA:492,1
FNF:30
FNH:29
LF:106
LH:104
BRF:38
BRH:32
end_of_record
TN:
SF:src/apps/KintoAppRegistry.sol
FN:63,KintoAppRegistry.initialize
FNDA:155,KintoAppRegistry.initialize
DA:64,155
DA:65,155
DA:66,155
DA:67,155
DA:68,155
FN:76,KintoAppRegistry._authorizeUpgrade
FNDA:2,KintoAppRegistry._authorizeUpgrade
FN:84,KintoAppRegistry.name
FNDA:1,KintoAppRegistry.name
DA:85,1
FN:92,KintoAppRegistry.symbol
FNDA:1,KintoAppRegistry.symbol
DA:93,1
FN:100,KintoAppRegistry._baseURI
FNDA:0,KintoAppRegistry._baseURI
DA:101,0
FN:113,KintoAppRegistry.registerApp
FNDA:188,KintoAppRegistry.registerApp
DA:119,188
BRDA:119,0,0,-
BRDA:119,0,1,188
DA:120,188
BRDA:120,1,0,-
BRDA:120,1,1,188
DA:121,188
BRDA:121,2,0,-
BRDA:121,2,1,188
DA:123,188
DA:124,188
DA:125,172
DA:127,172
FN:137,KintoAppRegistry.updateMetadata
FNDA:24,KintoAppRegistry.updateMetadata
DA:143,24
DA:144,24
BRDA:144,3,0,-
BRDA:144,3,1,24
DA:145,24
DA:147,24
FN:156,KintoAppRegistry.setSponsoredContracts
FNDA:4,KintoAppRegistry.setSponsoredContracts
DA:160,4
BRDA:160,4,0,-
BRDA:160,4,1,4
DA:161,4
BRDA:161,5,0,1
BRDA:161,5,1,3
DA:165,3
DA:166,4
FN:174,KintoAppRegistry.enableDSA
FNDA:2,KintoAppRegistry.enableDSA
DA:175,1
BRDA:175,6,0,-
BRDA:175,6,1,1
DA:176,1
DA:177,1
FN:185,KintoAppRegistry.supportsInterface
FNDA:0,KintoAppRegistry.supportsInterface
DA:191,0
FN:201,KintoAppRegistry.getAppMetadata
FNDA:49,KintoAppRegistry.getAppMetadata
DA:202,49
FN:211,KintoAppRegistry.getContractLimits
FNDA:692,KintoAppRegistry.getContractLimits
DA:212,692
DA:214,692
FN:228,KintoAppRegistry.isSponsored
FNDA:154,KintoAppRegistry.isSponsored
DA:229,154
FN:237,KintoAppRegistry.getSponsor
FNDA:1057,KintoAppRegistry.getSponsor
DA:238,1057
DA:239,1057
BRDA:239,7,0,16
BRDA:239,7,1,1041
DA:240,1041
FN:245,KintoAppRegistry._updateMetadata
FNDA:212,KintoAppRegistry._updateMetadata
DA:252,212
DA:262,212
DA:263,212
DA:265,212
DA:266,71
BRDA:266,8,0,16
BRDA:266,8,1,55
DA:267,55
FN:277,KintoAppRegistry._beforeTokenTransfer
FNDA:173,KintoAppRegistry._beforeTokenTransfer
DA:282,173
BRDA:282,9,0,1
BRDA:282,9,1,172
DA:283,172
FNF:16
FNH:14
LF:42
LH:40
BRF:20
BRH:14
end_of_record
TN:
SF:src/libraries/ByteSignature.sol
FN:5,ByteSignature.extractSignatures
FNDA:4,ByteSignature.extractSignatures
DA:10,4
BRDA:10,0,0,-
BRDA:10,0,1,4
DA:11,4
DA:12,4
DA:13,9
FN:17,ByteSignature.extractECDASignatureFromBytes
FNDA:9,ByteSignature.extractECDASignatureFromBytes
DA:22,9
DA:23,9
FNF:2
FNH:2
LF:6
LH:6
BRF:2
BRH:1
end_of_record
TN:
SF:src/paymasters/SponsorPaymaster.sol
FN:62,SponsorPaymaster.initialize
FNDA:155,SponsorPaymaster.initialize
DA:63,155
DA:64,155
DA:66,155
FN:74,SponsorPaymaster._authorizeUpgrade
FNDA:28,SponsorPaymaster._authorizeUpgrade
DA:75,28
BRDA:75,0,0,1
BRDA:75,0,1,27
FN:83,SponsorPaymaster.setAppRegistry
FNDA:155,SponsorPaymaster.setAppRegistry
DA:84,155
BRDA:84,1,0,-
BRDA:84,1,1,155
DA:85,155
DA:86,155
FN:99,SponsorPaymaster.addDepositFor
FNDA:281,SponsorPaymaster.addDepositFor
DA:100,281
BRDA:100,2,0,-
BRDA:100,2,1,281
DA:102,281
DA:103,281
BRDA:103,3,0,7
BRDA:103,3,1,281
DA:104,7
DA:106,281
FN:113,SponsorPaymaster.unlockTokenDeposit
FNDA:3,SponsorPaymaster.unlockTokenDeposit
DA:114,3
FN:121,SponsorPaymaster.lockTokenDeposit
FNDA:0,SponsorPaymaster.lockTokenDeposit
DA:122,7
FN:131,SponsorPaymaster.withdrawTokensTo
FNDA:3,SponsorPaymaster.withdrawTokensTo
DA:132,3
BRDA:132,4,0,1
BRDA:132,4,1,2
DA:136,2
DA:137,2
FN:147,SponsorPaymaster.depositInfo
FNDA:0,SponsorPaymaster.depositInfo
DA:148,0
DA:149,0
FN:161,SponsorPaymaster.appUserLimit
FNDA:0,SponsorPaymaster.appUserLimit
DA:167,0
FN:180,SponsorPaymaster._validatePaymasterUserOp
FNDA:334,SponsorPaymaster._validatePaymasterUserOp
DA:189,334
BRDA:189,5,0,2
BRDA:189,5,1,332
DA:193,332
BRDA:193,6,0,1
BRDA:193,6,1,331
DA:194,331
BRDA:194,7,0,1
BRDA:194,7,1,330
DA:197,330
DA:198,330
DA:199,330
BRDA:199,8,0,1
BRDA:199,8,1,329
DA:201,329
DA:202,329
BRDA:202,9,0,-
BRDA:202,9,1,329
DA:203,329
BRDA:203,10,0,-
BRDA:203,10,1,329
DA:204,329
FN:210,SponsorPaymaster._postOp
FNDA:328,SponsorPaymaster._postOp
DA:211,328
DA:212,328
DA:215,328
DA:216,328
DA:217,328
DA:218,328
DA:221,328
DA:222,328
BRDA:222,11,0,32
BRDA:222,11,1,296
DA:223,32
DA:224,32
DA:226,296
DA:229,328
DA:232,328
DA:233,328
BRDA:233,12,0,32
BRDA:233,12,1,296
DA:234,32
DA:235,32
DA:237,296
DA:241,328
DA:242,328
BRDA:242,13,0,34
BRDA:242,13,1,294
DA:243,34
DA:244,34
DA:246,294
DA:250,328
FN:253,SponsorPaymaster._checkLimits
FNDA:328,SponsorPaymaster._checkLimits
DA:255,328
DA:256,328
BRDA:256,14,0,2
BRDA:256,14,1,326
DA:263,326
DA:264,326
DA:266,326
BRDA:266,15,0,2
BRDA:266,15,1,324
DA:272,324
DA:273,324
BRDA:273,16,0,3
BRDA:273,16,1,321
FN:284,SponsorPaymaster._getSponsor
FNDA:0,SponsorPaymaster._getSponsor
DA:285,0
DA:286,0
BRDA:286,17,0,-
BRDA:286,17,1,-
DA:287,0
DA:288,0
DA:289,0
BRDA:289,18,0,-
BRDA:289,18,1,-
DA:291,0
DA:292,0
DA:295,0
FN:303,SponsorPaymaster._decodeCallData
FNDA:329,SponsorPaymaster._decodeCallData
DA:304,329
DA:306,329
BRDA:306,19,0,-
BRDA:306,19,1,-
DA:308,0
DA:309,0
BRDA:309,20,0,-
BRDA:309,20,1,-
DA:312,0
DA:313,329
BRDA:313,21,0,329
BRDA:313,21,1,329
DA:314,329
FN:318,SponsorPaymaster._min
FNDA:328,SponsorPaymaster._min
DA:319,328
FNF:15
FNH:11
LF:76
LH:62
BRF:44
BRH:32
end_of_record
TN:
SF:src/sample/Counter.sol
FN:11,Counter.increment
FNDA:306,Counter.increment
DA:12,306
FNF:1
FNH:1
LF:1
LH:1
BRF:0
BRH:0
end_of_record
TN:
SF:src/sample/CounterInitializable.sol
FN:14,CounterInitializable.initialize
FNDA:1,CounterInitializable.initialize
DA:15,1
DA:16,1
DA:17,1
FN:20,CounterInitializable._authorizeUpgrade
FNDA:0,CounterInitializable._authorizeUpgrade
FNF:2
FNH:1
LF:3
LH:3
BRF:0
BRH:0
end_of_record
TN:
SF:src/sample/ETHPriceIsRight.sol
FN:31,ETHPriceIsRight.enterGuess
FNDA:6,ETHPriceIsRight.enterGuess
DA:32,6
BRDA:32,0,0,1
BRDA:32,0,1,5
DA:33,5
BRDA:33,1,0,-
BRDA:33,1,1,5
DA:35,5
BRDA:35,2,0,-
BRDA:35,2,1,1
DA:36,1
DA:37,1
BRDA:37,3,0,-
BRDA:37,3,1,1
DA:38,0
DA:42,5
DA:43,5
DA:44,5
DA:45,5
BRDA:45,4,0,3
BRDA:45,4,1,5
DA:46,3
DA:48,5
BRDA:48,5,0,5
BRDA:48,5,1,5
DA:49,5
DA:51,5
FNF:1
FNH:1
LF:14
LH:13
BRF:12
BRH:9
end_of_record
TN:
SF:src/sample/OwnableCounter.sol
FN:10,OwnableCounter.increment
FNDA:0,OwnableCounter.increment
DA:11,0
FNF:1
FNH:0
LF:1
LH:0
BRF:0
BRH:0
end_of_record
TN:
SF:src/tokens/EngenCredits.sol
FN:38,EngenCredits.initialize
FNDA:155,EngenCredits.initialize
DA:39,155
DA:40,155
DA:41,155
DA:42,155
DA:43,155
DA:44,155
DA:45,155
FN:55,EngenCredits.mint
FNDA:6,EngenCredits.mint
DA:56,5
FN:63,EngenCredits.setTransfersEnabled
FNDA:1,EngenCredits.setTransfersEnabled
DA:64,1
BRDA:64,0,0,-
BRDA:64,0,1,1
DA:65,1
FN:72,EngenCredits.setBurnsEnabled
FNDA:1,EngenCredits.setBurnsEnabled
DA:73,1
BRDA:73,1,0,-
BRDA:73,1,1,1
DA:74,1
FN:82,EngenCredits.setPhase1Override
FNDA:1,EngenCredits.setPhase1Override
DA:83,1
BRDA:83,2,0,-
BRDA:83,2,1,1
DA:84,1
DA:85,1
FN:94,EngenCredits.mintCredits
FNDA:4,EngenCredits.mintCredits
DA:95,4
BRDA:95,3,0,-
BRDA:95,3,1,4
DA:96,4
DA:97,4
BRDA:97,4,0,1
BRDA:97,4,1,3
DA:98,3
FN:107,EngenCredits.calculatePoints
FNDA:3,EngenCredits.calculatePoints
DA:108,7
DA:110,7
DA:112,7
DA:114,7
FN:119,EngenCredits._authorizeUpgrade
FNDA:2,EngenCredits._authorizeUpgrade
FN:121,EngenCredits._beforeTokenTransfer
FNDA:12,EngenCredits._beforeTokenTransfer
DA:122,12
DA:123,12
BRDA:123,5,0,2
BRDA:123,5,1,10
FNF:9
FNH:9
LF:25
LH:25
BRF:12
BRH:8
end_of_record
TN:
SF:src/viewers/KYCViewer.sol
FN:35,KYCViewer.initialize
FNDA:4,KYCViewer.initialize
DA:36,4
DA:37,4
DA:38,4
FN:46,KYCViewer._authorizeUpgrade
FNDA:2,KYCViewer._authorizeUpgrade
DA:48,2
BRDA:48,0,0,1
BRDA:48,0,1,1
FN:53,KYCViewer.isKYC
FNDA:2,KYCViewer.isKYC
DA:54,2
FN:57,KYCViewer.isSanctionsSafe
FNDA:0,KYCViewer.isSanctionsSafe
DA:58,0
FN:61,KYCViewer.isSanctionsSafeIn
FNDA:0,KYCViewer.isSanctionsSafeIn
DA:62,0
FN:65,KYCViewer.isCompany
FNDA:1,KYCViewer.isCompany
DA:66,1
FN:69,KYCViewer.isIndividual
FNDA:2,KYCViewer.isIndividual
DA:70,2
FN:73,KYCViewer.hasTrait
FNDA:1,KYCViewer.hasTrait
DA:74,1
FN:79,KYCViewer._getFinalAddress
FNDA:6,KYCViewer._getFinalAddress
DA:80,6
BRDA:80,1,0,-
BRDA:80,1,1,4
DA:81,4
DA:83,2
FNF:9
FNH:7
LF:13
LH:11
BRF:4
BRH:3
end_of_record
TN:
SF:src/wallet/KintoWallet.sol
FN:82,KintoWallet.initialize
FNDA:158,KintoWallet.initialize
DA:84,158
DA:85,158
DA:86,158
DA:87,158
FN:95,KintoWallet.execute
FNDA:329,KintoWallet.execute
DA:96,329
DA:97,329
DA:99,318
FN:105,KintoWallet.executeBatch
FNDA:0,KintoWallet.executeBatch
DA:109,0
DA:110,0
BRDA:110,0,0,-
BRDA:110,0,1,-
DA:111,0
DA:112,0
DA:115,0
FN:124,KintoWallet.setSignerPolicy
FNDA:1,KintoWallet.setSignerPolicy
DA:125,10
BRDA:125,1,0,-
BRDA:125,1,1,10
DA:126,10
BRDA:126,2,0,1
BRDA:126,2,1,9
DA:127,9
DA:128,9
FN:135,KintoWallet.resetSigners
FNDA:14,KintoWallet.resetSigners
DA:136,14
BRDA:136,3,0,1
BRDA:136,3,1,12
DA:137,12
FN:147,KintoWallet.setFunderWhitelist
FNDA:2,KintoWallet.setFunderWhitelist
DA:148,2
BRDA:148,4,0,-
BRDA:148,4,1,2
DA:149,2
DA:150,2
FN:159,KintoWallet.isFunderWhitelisted
FNDA:7,KintoWallet.isFunderWhitelisted
DA:160,7
DA:161,7
BRDA:161,5,0,2
BRDA:161,5,1,5
DA:162,2
DA:165,5
FN:175,KintoWallet.whitelistApp
FNDA:130,KintoWallet.whitelistApp
DA:176,130
BRDA:176,6,0,-
BRDA:176,6,1,130
DA:177,130
DA:178,130
FN:189,KintoWallet.setAppKey
FNDA:41,KintoWallet.setAppKey
DA:191,41
BRDA:191,7,0,-
BRDA:191,7,1,41
DA:192,41
BRDA:192,8,0,1
BRDA:192,8,1,40
DA:193,40
BRDA:193,9,0,-
BRDA:193,9,1,40
DA:194,40
FN:204,KintoWallet.startRecovery
FNDA:23,KintoWallet.startRecovery
DA:205,7
FN:213,KintoWallet.completeRecovery
FNDA:4,KintoWallet.completeRecovery
DA:214,4
BRDA:214,10,0,1
BRDA:214,10,1,3
DA:215,3
BRDA:215,11,0,1
BRDA:215,11,1,2
DA:216,2
DA:217,1
FN:224,KintoWallet.changeRecoverer
FNDA:19,KintoWallet.changeRecoverer
DA:225,3
BRDA:225,12,0,2
BRDA:225,12,1,1
DA:226,1
DA:227,1
FN:234,KintoWallet.cancelRecovery
FNDA:2,KintoWallet.cancelRecovery
DA:235,1
BRDA:235,13,0,1
BRDA:235,13,1,1
DA:236,1
FN:243,KintoWallet.entryPoint
FNDA:7959,KintoWallet.entryPoint
DA:244,8886
FN:247,KintoWallet.getNonce
FNDA:267,KintoWallet.getNonce
DA:248,267
FN:251,KintoWallet.getOwnersCount
FNDA:13,KintoWallet.getOwnersCount
DA:252,13
FN:260,KintoWallet._validateSignature
FNDA:386,KintoWallet._validateSignature
DA:266,386
BRDA:266,14,0,3
BRDA:266,14,1,383
DA:268,383
DA:269,383
DA:270,383
DA:273,383
BRDA:273,15,0,16
BRDA:273,15,1,4
DA:274,37
BRDA:274,16,0,16
BRDA:274,16,1,4
DA:276,20
DA:284,363
BRDA:283,17,0,2
BRDA:283,17,1,358
DA:294,360
DA:295,360
DA:298,3
FN:307,KintoWallet._verifyBatch
FNDA:40,KintoWallet._verifyBatch
DA:308,40
DA:309,40
DA:312,40
BRDA:312,18,0,16
BRDA:312,18,1,29
DA:313,18
DA:314,45
BRDA:314,19,0,16
BRDA:314,19,1,29
DA:315,16
DA:320,22
DA:321,99
BRDA:321,20,0,1
BRDA:321,20,1,24
DA:322,25
DA:323,25
BRDA:323,21,0,1
BRDA:323,21,1,24
DA:324,1
DA:326,74
BRDA:326,22,0,1
BRDA:326,22,1,73
DA:327,1
DA:331,22
FN:334,KintoWallet._isSponsoredOrChild
FNDA:103,KintoWallet._isSponsoredOrChild
DA:335,103
FN:338,KintoWallet._verifySingleSignature
FNDA:394,KintoWallet._verifySingleSignature
DA:343,394
BRDA:343,23,0,18
BRDA:343,23,1,376
DA:344,18
DA:346,376
FN:349,KintoWallet._verifyMultipleSignatures
FNDA:6,KintoWallet._verifyMultipleSignatures
DA:351,6
DA:352,6
DA:353,6
BRDA:353,24,0,2
BRDA:353,24,1,4
DA:356,4
DA:357,4
DA:359,4
DA:360,9
DA:361,9
DA:362,19
BRDA:362,25,0,-
BRDA:362,25,1,9
DA:363,9
DA:364,9
DA:365,9
DA:371,4
FN:374,KintoWallet._resetSigners
FNDA:14,KintoWallet._resetSigners
DA:375,14
BRDA:375,26,0,1
BRDA:375,26,1,13
DA:376,13
BRDA:376,27,0,1
BRDA:376,27,1,12
DA:377,12
BRDA:377,28,0,1
BRDA:377,28,1,11
DA:385,11
DA:386,25
BRDA:386,29,0,-
BRDA:386,29,1,25
DA:388,11
DA:389,11
DA:391,11
BRDA:391,30,0,9
BRDA:391,30,1,2
DA:392,9
DA:394,2
BRDA:394,31,0,-
BRDA:394,31,1,2
FN:398,KintoWallet._onlySelf
FNDA:199,KintoWallet._onlySelf
DA:400,199
BRDA:400,32,0,1
BRDA:400,32,1,198
FN:403,KintoWallet._onlyFactory
FNDA:204,KintoWallet._onlyFactory
DA:405,204
BRDA:405,33,0,32
BRDA:405,33,1,172
FN:408,KintoWallet._executeInner
FNDA:329,KintoWallet._executeInner
DA:410,329
BRDA:410,34,0,2
BRDA:410,34,1,327
DA:412,327
FN:418,KintoWallet._decodeCallData
FNDA:383,KintoWallet._decodeCallData
DA:419,383
DA:421,383
BRDA:421,35,0,-
BRDA:421,35,1,40
DA:423,40
DA:424,40
BRDA:424,36,0,-
BRDA:424,36,1,40
DA:427,40
DA:428,40
DA:429,343
BRDA:429,37,0,343
BRDA:429,37,1,343
DA:430,343
FNF:26
FNH:25
LF:109
LH:104
BRF:76
BRH:64
end_of_record
TN:
SF:src/wallet/KintoWalletFactory.sol
FN:55,KintoWalletFactory.initialize
FNDA:155,KintoWalletFactory.initialize
DA:56,155
DA:57,155
DA:58,155
DA:59,155
DA:60,155
FN:67,KintoWalletFactory.upgradeAllWalletImplementations
FNDA:183,KintoWalletFactory.upgradeAllWalletImplementations
DA:68,182
BRDA:68,0,0,-
BRDA:68,0,1,182
DA:73,182
DA:74,182
DA:75,182
FN:91,KintoWalletFactory.createAccount
FNDA:158,KintoWalletFactory.createAccount
DA:96,158
BRDA:96,1,0,-
BRDA:96,1,1,158
DA:97,158
BRDA:97,2,0,-
BRDA:97,2,1,158
DA:98,158
DA:99,158
DA:101,158
BRDA:101,3,0,-
BRDA:101,3,1,158
DA:102,0
DA:105,158
DA:113,158
DA:114,158
DA:116,158
FN:123,KintoWalletFactory.startWalletRecovery
FNDA:16,KintoWalletFactory.startWalletRecovery
DA:124,16
BRDA:124,4,0,-
BRDA:124,4,1,16
DA:125,16
BRDA:125,5,0,16
BRDA:125,5,1,-
DA:126,0
FN:134,KintoWalletFactory.completeWalletRecovery
FNDA:0,KintoWalletFactory.completeWalletRecovery
DA:135,0
BRDA:135,6,0,-
BRDA:135,6,1,-
DA:136,0
BRDA:136,7,0,-
BRDA:136,7,1,-
DA:137,0
FN:140,KintoWalletFactory.changeWalletRecoverer
FNDA:0,KintoWalletFactory.changeWalletRecoverer
DA:141,0
BRDA:141,8,0,-
BRDA:141,8,1,-
DA:142,0
BRDA:142,9,0,-
BRDA:142,9,1,-
DA:143,0
FN:165,KintoWalletFactory.deployContract
FNDA:4,KintoWalletFactory.deployContract
DA:171,4
BRDA:171,10,0,-
BRDA:171,10,1,4
DA:172,4
FN:179,KintoWalletFactory.fundWallet
FNDA:5,KintoWalletFactory.fundWallet
DA:180,5
BRDA:180,11,0,3
BRDA:180,11,1,2
DA:185,2
DA:186,2
BRDA:186,12,0,-
BRDA:186,12,1,2
FN:194,KintoWalletFactory.claimFromFaucet
FNDA:1,KintoWalletFactory.claimFromFaucet
DA:195,1
BRDA:195,13,0,-
BRDA:195,13,1,1
DA:196,1
BRDA:196,14,0,-
BRDA:196,14,1,1
DA:197,1
FN:204,KintoWalletFactory.sendMoneyToAccount
FNDA:7,KintoWalletFactory.sendMoneyToAccount
DA:205,7
BRDA:205,15,0,1
BRDA:205,15,1,6
DA:210,6
DA:211,6
BRDA:211,16,0,-
BRDA:211,16,1,6
FN:221,KintoWalletFactory.getWalletTimestamp
FNDA:336,KintoWalletFactory.getWalletTimestamp
DA:222,336
FN:233,KintoWalletFactory.getAddress
FNDA:0,KintoWalletFactory.getAddress
DA:234,158
FN:252,KintoWalletFactory.getContractAddress
FNDA:1,KintoWalletFactory.getContractAddress
DA:253,1
FN:263,KintoWalletFactory._authorizeUpgrade
FNDA:2,KintoWalletFactory._authorizeUpgrade
FN:267,KintoWalletFactory._preventCreationBytecode
FNDA:4,KintoWalletFactory._preventCreationBytecode
DA:269,4
DA:270,4
BRDA:270,17,0,1
BRDA:270,17,1,1
DA:272,2
DA:273,2
DA:274,2
DA:276,2
DA:279,2
BRDA:279,18,0,1
BRDA:279,18,1,1
FN:283,KintoWalletFactory._deployAndAssignOwnership
FNDA:4,KintoWalletFactory._deployAndAssignOwnership
DA:287,4
BRDA:287,19,0,-
BRDA:287,19,1,4
DA:288,4
DA:289,3
DA:291,3
DA:296,3
FNF:16
FNH:13
LF:54
LH:46
BRF:40
BRH:20
end_of_record
TN:
SF:test/EngenCredits.t.sol
FN:15,EngenCreditsV2.newFunction
FNDA:1,EngenCreditsV2.newFunction
DA:16,1
FNF:1
FNH:1
LF:1
LH:1
BRF:0
BRH:0
end_of_record
TN:
SF:test/Faucet.t.sol
FN:16,FaucetV999.newFunction
FNDA:1,FaucetV999.newFunction
DA:17,1
FNF:1
FNH:1
LF:1
LH:1
BRF:0
BRH:0
end_of_record
TN:
SF:test/KYCViewer.t.sol
FN:17,KYCViewerUpgraded.newFunction
FNDA:1,KYCViewerUpgraded.newFunction
DA:18,1
FNF:1
FNH:1
LF:1
LH:1
BRF:0
BRH:0
end_of_record
TN:
SF:test/KintoAppRegistry.t.sol
FN:12,KintoAppRegistryV2.newFunction
FNDA:1,KintoAppRegistryV2.newFunction
DA:13,1
FNF:1
FNH:1
LF:1
LH:1
BRF:0
BRH:0
end_of_record
TN:
SF:test/KintoID.t.sol
FN:20,KintoIDv2.newFunction
FNDA:2,KintoIDv2.newFunction
DA:21,2
FNF:1
FNH:1
LF:1
LH:1
BRF:0
BRH:0
end_of_record
TN:
SF:test/KintoWalletFactory.t.sol
FN:23,KintoWalletUpgrade.walletFunction
FNDA:1,KintoWalletUpgrade.walletFunction
DA:24,1
FN:31,KintoWalletFactoryUpgrade.newFunction
FNDA:0,KintoWalletFactoryUpgrade.newFunction
DA:32,0
FNF:2
FNH:1
LF:2
LH:1
BRF:0
BRH:0
end_of_record
TN:
SF:test/SponsorPaymastExploit.t.sol
FN:21,MyOpCreator._createOp
FNDA:0,MyOpCreator._createOp
DA:31,0
DA:44,0
DA:45,0
FNF:1
FNH:0
LF:3
LH:0
BRF:0
BRH:0
end_of_record
TN:
SF:test/SponsorPaymaster.t.sol
FN:23,SponsorPaymasterUpgrade.newFunction
FNDA:1,SponsorPaymasterUpgrade.newFunction
DA:24,1
FNF:1
FNH:1
LF:1
LH:1
BRF:0
BRH:0
end_of_record
TN:
SF:test/harness/KintoWalletHarness.sol
FN:18,KintoWalletHarness.exposed_validateSignature
FNDA:55,KintoWalletHarness.exposed_validateSignature
DA:22,55
FNF:1
FNH:1
LF:1
LH:1
BRF:0
BRH:0
end_of_record
TN:
SF:test/harness/SponsorPaymasterHarness.sol
FN:16,SponsorPaymasterHarness.exposed_validatePaymasterUserOp
FNDA:0,SponsorPaymasterHarness.exposed_validatePaymasterUserOp
DA:21,0
FNF:1
FNH:0
LF:1
LH:0
BRF:0
BRH:0
end_of_record
TN:
SF:test/helpers/AASetup.sol
FN:16,AASetup._checkAccountAbstraction
FNDA:0,AASetup._checkAccountAbstraction
DA:26,0
DA:27,0
BRDA:27,0,0,-
BRDA:27,0,1,-
DA:28,0
DA:29,0
DA:31,0
DA:33,0
DA:34,0
BRDA:34,1,0,-
BRDA:34,1,1,-
DA:35,0
DA:36,0
DA:38,0
DA:41,0
DA:42,0
BRDA:42,2,0,-
BRDA:42,2,1,-
DA:43,0
DA:44,0
DA:46,0
DA:48,0
DA:49,0
BRDA:49,3,0,-
BRDA:49,3,1,-
DA:50,0
DA:51,0
DA:53,0
FNF:1
FNH:0
LF:20
LH:0
BRF:8
BRH:0
end_of_record
TN:
SF:test/helpers/AATestScaffolding.sol
FN:46,AATestScaffolding.deployAAScaffolding
FNDA:0,AATestScaffolding.deployAAScaffolding
DA:48,2
DA:50,2
DA:51,2
DA:54,2
DA:57,2
DA:60,2
DA:63,2
DA:66,2
DA:68,2
DA:71,2
DA:74,2
FN:77,AATestScaffolding.fundSponsorForApp
FNDA:4,AATestScaffolding.fundSponsorForApp
DA:79,4
FN:82,AATestScaffolding.deployKintoID
FNDA:0,AATestScaffolding.deployKintoID
DA:83,2
DA:85,2
DA:88,2
DA:91,2
DA:94,2
DA:95,2
DA:96,2
FN:99,AATestScaffolding.deployWalletFactory
FNDA:0,AATestScaffolding.deployWalletFactory
DA:100,2
DA:103,2
DA:106,2
DA:107,2
DA:108,2
DA:111,2
DA:114,2
DA:116,2
FN:119,AATestScaffolding.deployPaymaster
FNDA:0,AATestScaffolding.deployPaymaster
DA:120,2
DA:123,2
DA:126,2
DA:129,2
DA:132,2
DA:135,2
DA:137,2
FN:140,AATestScaffolding.deployEngenCredits
FNDA:0,AATestScaffolding.deployEngenCredits
DA:141,2
DA:144,2
DA:147,2
DA:150,2
DA:153,2
DA:155,2
FN:158,AATestScaffolding.deployAppRegistry
FNDA:0,AATestScaffolding.deployAppRegistry
DA:159,2
DA:162,2
DA:165,2
DA:168,2
DA:171,2
DA:175,2
DA:176,2
DA:177,2
FN:180,AATestScaffolding.approveKYC
FNDA:0,AATestScaffolding.approveKYC
DA:181,2
DA:183,2
DA:184,2
DA:185,2
DA:186,2
DA:188,2
FN:191,AATestScaffolding.approveKYC
FNDA:0,AATestScaffolding.approveKYC
DA:192,0
DA:194,0
DA:195,0
DA:196,0
DA:198,0
FN:201,AATestScaffolding.revokeKYC
FNDA:0,AATestScaffolding.revokeKYC
DA:202,0
DA:204,0
DA:205,0
DA:206,0
DA:208,0
FN:214,AATestScaffolding.registerApp
FNDA:0,AATestScaffolding.registerApp
DA:215,2
DA:216,2
DA:222,2
FN:225,AATestScaffolding.registerApp
FNDA:0,AATestScaffolding.registerApp
DA:228,0
DA:229,0
FN:232,AATestScaffolding.registerApp
FNDA:0,AATestScaffolding.registerApp
DA:235,0
DA:241,0
FN:245,AATestScaffolding.registerApp
FNDA:0,AATestScaffolding.registerApp
DA:252,2
DA:253,2
FN:258,AATestScaffolding.updateMetadata
FNDA:0,AATestScaffolding.updateMetadata
DA:261,0
DA:267,0
DA:268,0
FN:271,AATestScaffolding.updateMetadata
FNDA:0,AATestScaffolding.updateMetadata
DA:274,0
DA:275,0
DA:276,0
FN:279,AATestScaffolding.updateMetadata
FNDA:0,AATestScaffolding.updateMetadata
DA:286,0
DA:287,0
FN:290,AATestScaffolding.setSponsoredContracts
FNDA:0,AATestScaffolding.setSponsoredContracts
DA:293,0
DA:294,0
FN:297,AATestScaffolding.whitelistApp
FNDA:0,AATestScaffolding.whitelistApp
DA:298,2
FN:301,AATestScaffolding.whitelistApp
FNDA:0,AATestScaffolding.whitelistApp
DA:302,2
DA:303,2
DA:304,2
DA:305,2
DA:306,2
DA:307,2
FN:310,AATestScaffolding.setAppKey
FNDA:0,AATestScaffolding.setAppKey
DA:311,0
DA:312,0
FN:315,AATestScaffolding.resetSigners
FNDA:0,AATestScaffolding.resetSigners
DA:316,0
DA:317,0
DA:318,0
DA:319,0
DA:320,0
FN:323,AATestScaffolding.setSignerPolicy
FNDA:0,AATestScaffolding.setSignerPolicy
DA:324,0
DA:325,0
DA:326,0
FN:329,AATestScaffolding.useHarness
FNDA:0,AATestScaffolding.useHarness
DA:330,0
DA:331,0
DA:332,0
DA:334,0
DA:335,0
DA:336,0
FN:343,AATestScaffolding.assertRevertReasonEq
FNDA:0,AATestScaffolding.assertRevertReasonEq
DA:344,0
DA:345,0
DA:346,0
FN:350,AATestScaffolding.assertRevertReasonEq
FNDA:0,AATestScaffolding.assertRevertReasonEq
DA:351,0
FN:354,AATestScaffolding._assertRevertReasonEq
FNDA:0,AATestScaffolding._assertRevertReasonEq
DA:355,0
DA:356,0
DA:358,0
DA:361,0
DA:362,0
BRDA:360,0,0,-
BRDA:360,0,1,-
DA:364,0
DA:367,0
BRDA:367,1,0,-
BRDA:367,1,1,-
DA:369,0
DA:370,0
DA:371,0
DA:373,0
DA:374,0
DA:375,0
DA:376,0
DA:377,0
DA:380,0
DA:381,0
DA:383,0
BRDA:383,2,0,-
BRDA:383,2,1,-
DA:385,0
FN:391,AATestScaffolding._trimToPrefixAndRemoveTrailingNulls
FNDA:0,AATestScaffolding._trimToPrefixAndRemoveTrailingNulls
DA:396,0
DA:397,0
DA:398,0
BRDA:398,3,0,-
BRDA:398,3,1,-
DA:401,0
DA:402,0
BRDA:402,4,0,-
BRDA:402,4,1,-
DA:403,0
DA:404,0
DA:406,0
BRDA:406,5,0,-
BRDA:406,5,1,-
DA:409,0
DA:410,0
DA:411,0
DA:412,0
BRDA:412,6,0,-
BRDA:412,6,1,-
DA:413,0
DA:414,0
DA:415,0
BRDA:415,7,0,-
BRDA:415,7,1,-
DA:416,0
DA:417,0
DA:420,0
BRDA:420,8,0,-
BRDA:420,8,1,-
DA:422,0
DA:423,0
DA:424,0
DA:426,0
DA:433,0
FNF:28
FNH:1
LF:152
LH:66
BRF:18
BRH:0
end_of_record
TN:
SF:test/helpers/ArtifactsReader.sol
FN:7,ArtifactsReader._getAddressesFile
FNDA:0,ArtifactsReader._getAddressesFile
DA:8,0
DA:9,0
FN:12,ArtifactsReader._getChainDeployment
FNDA:0,ArtifactsReader._getChainDeployment
DA:13,0
FNF:2
FNH:0
LF:3
LH:0
BRF:0
BRH:0
end_of_record
TN:
SF:test/helpers/Create2Helper.sol
FN:11,Create2Helper.computeAddress
FNDA:0,Create2Helper.computeAddress
DA:12,0
FN:17,Create2Helper.isContract
FNDA:0,Create2Helper.isContract
DA:18,0
DA:20,0
DA:22,0
FNF:2
FNH:0
LF:4
LH:0
BRF:0
BRH:0
end_of_record
TN:
SF:test/helpers/KYCSignature.sol
FN:18,KYCSignature._auxCreateSignature
FNDA:2,KYCSignature._auxCreateSignature
DA:25,2
DA:33,2
DA:36,2
DA:37,2
DA:40,2
DA:41,2
FN:44,KYCSignature._auxDappSignature
FNDA:0,KYCSignature._auxDappSignature
DA:49,0
DA:59,0
DA:60,0
DA:62,0
DA:63,0
DA:64,0
DA:65,0
DA:66,0
FN:71,KYCSignature._getEIP712Message
FNDA:2,KYCSignature._getEIP712Message
DA:76,2
DA:77,2
DA:78,2
FN:81,KYCSignature._domainSeparator
FNDA:2,KYCSignature._domainSeparator
DA:82,2
FN:93,KYCSignature._getChainID
FNDA:2,KYCSignature._getChainID
DA:94,2
DA:96,2
DA:98,2
FN:101,KYCSignature._hashSignatureData
FNDA:2,KYCSignature._hashSignatureData
DA:102,2
FNF:6
FNH:5
LF:22
LH:14
BRF:0
BRH:0
end_of_record
TN:
SF:test/helpers/UserOp.sol
FN:53,UserOp._createUserOperation
FNDA:0,UserOp._createUserOperation
DA:60,0
FN:74,UserOp._createUserOperation
FNDA:0,UserOp._createUserOperation
DA:82,0
FN:96,UserOp._createUserOperation
FNDA:0,UserOp._createUserOperation
DA:106,0
FN:120,UserOp._createUserOperation
FNDA:0,UserOp._createUserOperation
DA:131,0
DA:144,0
DA:145,0
FN:149,UserOp._createUserOperation
FNDA:0,UserOp._createUserOperation
DA:156,0
DA:167,0
DA:168,0
FN:173,UserOp._whitelistAppOp
FNDA:0,UserOp._whitelistAppOp
DA:178,0
DA:179,0
DA:180,0
DA:181,0
DA:182,0
FN:194,UserOp._packUserOp
FNDA:0,UserOp._packUserOp
DA:195,0
BRDA:195,0,0,-
BRDA:195,0,1,-
DA:196,0
DA:209,0
FN:224,UserOp._getUserOpHash
FNDA:0,UserOp._getUserOpHash
DA:229,0
DA:230,0
FN:233,UserOp._signUserOp
FNDA:0,UserOp._signUserOp
DA:239,0
DA:240,0
DA:242,0
DA:243,0
DA:244,0
DA:245,0
BRDA:245,1,0,-
BRDA:245,1,1,-
DA:246,0
DA:248,0
DA:252,0
FNF:9
FNH:0
LF:28
LH:0
BRF:4
BRH:0
end_of_record
